{"/Users/rinareyes/Desktop/SQecureuilL/backEnd/controllers/postsController.js": {"path":"/Users/rinareyes/Desktop/SQecureuilL/backEnd/controllers/postsController.js","statementMap":{"0":{"start":{"line":1,"column":13},"end":{"line":1,"column":38}},"1":{"start":{"line":4,"column":4},"end":{"line":9,"column":5}},"2":{"start":{"line":5,"column":22},"end":{"line":5,"column":41}},"3":{"start":{"line":6,"column":8},"end":{"line":6,"column":36}},"4":{"start":{"line":8,"column":8},"end":{"line":8,"column":50}},"5":{"start":{"line":13,"column":15},"end":{"line":13,"column":28}},"6":{"start":{"line":14,"column":4},"end":{"line":19,"column":5}},"7":{"start":{"line":15,"column":22},"end":{"line":15,"column":50}},"8":{"start":{"line":16,"column":8},"end":{"line":16,"column":36}},"9":{"start":{"line":18,"column":8},"end":{"line":18,"column":50}},"10":{"start":{"line":23,"column":15},"end":{"line":23,"column":28}},"11":{"start":{"line":24,"column":4},"end":{"line":29,"column":5}},"12":{"start":{"line":25,"column":22},"end":{"line":25,"column":54}},"13":{"start":{"line":26,"column":8},"end":{"line":26,"column":36}},"14":{"start":{"line":28,"column":8},"end":{"line":28,"column":50}},"15":{"start":{"line":33,"column":15},"end":{"line":33,"column":28}},"16":{"start":{"line":34,"column":4},"end":{"line":39,"column":5}},"17":{"start":{"line":35,"column":22},"end":{"line":35,"column":54}},"18":{"start":{"line":36,"column":8},"end":{"line":36,"column":36}},"19":{"start":{"line":38,"column":8},"end":{"line":38,"column":50}},"20":{"start":{"line":43,"column":15},"end":{"line":43,"column":28}},"21":{"start":{"line":44,"column":4},"end":{"line":49,"column":5}},"22":{"start":{"line":45,"column":22},"end":{"line":45,"column":55}},"23":{"start":{"line":46,"column":8},"end":{"line":46,"column":36}},"24":{"start":{"line":48,"column":8},"end":{"line":48,"column":50}},"25":{"start":{"line":53,"column":4},"end":{"line":58,"column":5}},"26":{"start":{"line":54,"column":22},"end":{"line":54,"column":45}},"27":{"start":{"line":55,"column":8},"end":{"line":55,"column":36}},"28":{"start":{"line":57,"column":8},"end":{"line":57,"column":50}},"29":{"start":{"line":62,"column":4},"end":{"line":67,"column":5}},"30":{"start":{"line":63,"column":22},"end":{"line":63,"column":46}},"31":{"start":{"line":64,"column":8},"end":{"line":64,"column":36}},"32":{"start":{"line":66,"column":8},"end":{"line":66,"column":50}},"33":{"start":{"line":71,"column":4},"end":{"line":76,"column":5}},"34":{"start":{"line":72,"column":22},"end":{"line":72,"column":46}},"35":{"start":{"line":73,"column":8},"end":{"line":73,"column":36}},"36":{"start":{"line":75,"column":8},"end":{"line":75,"column":50}},"37":{"start":{"line":80,"column":4},"end":{"line":86,"column":5}},"38":{"start":{"line":81,"column":19},"end":{"line":81,"column":42}},"39":{"start":{"line":82,"column":21},"end":{"line":82,"column":46}},"40":{"start":{"line":83,"column":8},"end":{"line":83,"column":35}},"41":{"start":{"line":85,"column":8},"end":{"line":85,"column":51}},"42":{"start":{"line":90,"column":4},"end":{"line":99,"column":5}},"43":{"start":{"line":91,"column":25},"end":{"line":91,"column":43}},"44":{"start":{"line":92,"column":21},"end":{"line":92,"column":35}},"45":{"start":{"line":94,"column":22},"end":{"line":94,"column":74}},"46":{"start":{"line":96,"column":8},"end":{"line":96,"column":36}},"47":{"start":{"line":98,"column":8},"end":{"line":98,"column":53}},"48":{"start":{"line":103,"column":4},"end":{"line":110,"column":5}},"49":{"start":{"line":104,"column":21},"end":{"line":104,"column":29}},"50":{"start":{"line":105,"column":8},"end":{"line":105,"column":25}},"51":{"start":{"line":106,"column":24},"end":{"line":106,"column":47}},"52":{"start":{"line":107,"column":8},"end":{"line":107,"column":38}},"53":{"start":{"line":109,"column":8},"end":{"line":109,"column":51}},"54":{"start":{"line":114,"column":4},"end":{"line":123,"column":5}},"55":{"start":{"line":115,"column":19},"end":{"line":115,"column":42}},"56":{"start":{"line":116,"column":21},"end":{"line":116,"column":29}},"57":{"start":{"line":117,"column":21},"end":{"line":117,"column":46}},"58":{"start":{"line":118,"column":8},"end":{"line":118,"column":25}},"59":{"start":{"line":119,"column":23},"end":{"line":119,"column":50}},"60":{"start":{"line":120,"column":8},"end":{"line":120,"column":36}},"61":{"start":{"line":122,"column":8},"end":{"line":122,"column":50}},"62":{"start":{"line":127,"column":4},"end":{"line":135,"column":5}},"63":{"start":{"line":128,"column":19},"end":{"line":128,"column":42}},"64":{"start":{"line":129,"column":21},"end":{"line":129,"column":46}},"65":{"start":{"line":130,"column":8},"end":{"line":130,"column":26}},"66":{"start":{"line":131,"column":23},"end":{"line":131,"column":67}},"67":{"start":{"line":132,"column":8},"end":{"line":132,"column":37}},"68":{"start":{"line":134,"column":8},"end":{"line":134,"column":51}},"69":{"start":{"line":139,"column":4},"end":{"line":146,"column":5}},"70":{"start":{"line":140,"column":19},"end":{"line":140,"column":42}},"71":{"start":{"line":141,"column":21},"end":{"line":141,"column":46}},"72":{"start":{"line":142,"column":23},"end":{"line":142,"column":68}},"73":{"start":{"line":143,"column":8},"end":{"line":143,"column":37}},"74":{"start":{"line":145,"column":8},"end":{"line":145,"column":51}},"75":{"start":{"line":150,"column":4},"end":{"line":157,"column":5}},"76":{"start":{"line":151,"column":19},"end":{"line":151,"column":32}},"77":{"start":{"line":152,"column":21},"end":{"line":152,"column":46}},"78":{"start":{"line":153,"column":23},"end":{"line":153,"column":43}},"79":{"start":{"line":154,"column":8},"end":{"line":154,"column":25}},"80":{"start":{"line":156,"column":8},"end":{"line":156,"column":50}},"81":{"start":{"line":160,"column":0},"end":{"line":160,"column":183}}},"fnMap":{"0":{"name":"index","decl":{"start":{"line":3,"column":15},"end":{"line":3,"column":20}},"loc":{"start":{"line":3,"column":31},"end":{"line":10,"column":1}},"line":3},"1":{"name":"indexCategory","decl":{"start":{"line":12,"column":15},"end":{"line":12,"column":28}},"loc":{"start":{"line":12,"column":39},"end":{"line":20,"column":1}},"line":12},"2":{"name":"indexCategoryDate","decl":{"start":{"line":22,"column":15},"end":{"line":22,"column":32}},"loc":{"start":{"line":22,"column":43},"end":{"line":30,"column":1}},"line":22},"3":{"name":"indexCategoryVote","decl":{"start":{"line":32,"column":15},"end":{"line":32,"column":32}},"loc":{"start":{"line":32,"column":43},"end":{"line":40,"column":1}},"line":32},"4":{"name":"indexCategoryStage","decl":{"start":{"line":42,"column":15},"end":{"line":42,"column":33}},"loc":{"start":{"line":42,"column":44},"end":{"line":50,"column":1}},"line":42},"5":{"name":"indexDate","decl":{"start":{"line":52,"column":15},"end":{"line":52,"column":24}},"loc":{"start":{"line":52,"column":35},"end":{"line":59,"column":1}},"line":52},"6":{"name":"indexVote","decl":{"start":{"line":61,"column":15},"end":{"line":61,"column":24}},"loc":{"start":{"line":61,"column":35},"end":{"line":68,"column":1}},"line":61},"7":{"name":"indexStage","decl":{"start":{"line":70,"column":15},"end":{"line":70,"column":25}},"loc":{"start":{"line":70,"column":36},"end":{"line":77,"column":1}},"line":70},"8":{"name":"show","decl":{"start":{"line":79,"column":15},"end":{"line":79,"column":19}},"loc":{"start":{"line":79,"column":30},"end":{"line":87,"column":1}},"line":79},"9":{"name":"orderBy","decl":{"start":{"line":89,"column":15},"end":{"line":89,"column":22}},"loc":{"start":{"line":89,"column":33},"end":{"line":100,"column":1}},"line":89},"10":{"name":"create","decl":{"start":{"line":102,"column":15},"end":{"line":102,"column":21}},"loc":{"start":{"line":102,"column":32},"end":{"line":111,"column":1}},"line":102},"11":{"name":"update","decl":{"start":{"line":113,"column":15},"end":{"line":113,"column":21}},"loc":{"start":{"line":113,"column":32},"end":{"line":124,"column":1}},"line":113},"12":{"name":"upVote","decl":{"start":{"line":126,"column":15},"end":{"line":126,"column":21}},"loc":{"start":{"line":126,"column":32},"end":{"line":136,"column":1}},"line":126},"13":{"name":"downVote","decl":{"start":{"line":138,"column":15},"end":{"line":138,"column":23}},"loc":{"start":{"line":138,"column":34},"end":{"line":147,"column":1}},"line":138},"14":{"name":"destroy","decl":{"start":{"line":149,"column":15},"end":{"line":149,"column":22}},"loc":{"start":{"line":149,"column":33},"end":{"line":158,"column":1}},"line":149}},"branchMap":{},"s":{"0":1,"1":2,"2":2,"3":1,"4":1,"5":0,"6":0,"7":0,"8":0,"9":0,"10":0,"11":0,"12":0,"13":0,"14":0,"15":0,"16":0,"17":0,"18":0,"19":0,"20":0,"21":0,"22":0,"23":0,"24":0,"25":0,"26":0,"27":0,"28":0,"29":0,"30":0,"31":0,"32":0,"33":0,"34":0,"35":0,"36":0,"37":2,"38":2,"39":2,"40":1,"41":1,"42":0,"43":0,"44":0,"45":0,"46":0,"47":0,"48":2,"49":2,"50":2,"51":2,"52":1,"53":1,"54":0,"55":0,"56":0,"57":0,"58":0,"59":0,"60":0,"61":0,"62":0,"63":0,"64":0,"65":0,"66":0,"67":0,"68":0,"69":0,"70":0,"71":0,"72":0,"73":0,"74":0,"75":2,"76":2,"77":2,"78":1,"79":1,"80":2,"81":1},"f":{"0":2,"1":0,"2":0,"3":0,"4":0,"5":0,"6":0,"7":0,"8":2,"9":0,"10":2,"11":0,"12":0,"13":0,"14":2},"b":{},"_coverageSchema":"1a1c01bbd47fc00a2c39e90264f33305004495a9","hash":"5eefc5f4ab41762626eae02d6f94c0f0c5900428"}
,"/Users/rinareyes/Desktop/SQecureuilL/backEnd/database/connect.js": {"path":"/Users/rinareyes/Desktop/SQecureuilL/backEnd/database/connect.js","statementMap":{"0":{"start":{"line":1,"column":0},"end":{"line":1,"column":26}},"1":{"start":{"line":3,"column":17},"end":{"line":3,"column":30}},"2":{"start":{"line":5,"column":10},"end":{"line":9,"column":2}},"3":{"start":{"line":11,"column":0},"end":{"line":11,"column":41}},"4":{"start":{"line":13,"column":0},"end":{"line":13,"column":20}}},"fnMap":{},"branchMap":{"0":{"loc":{"start":{"line":6,"column":22},"end":{"line":8,"column":28}},"type":"cond-expr","locations":[{"start":{"line":7,"column":10},"end":{"line":7,"column":33}},{"start":{"line":8,"column":10},"end":{"line":8,"column":28}}],"line":6}},"s":{"0":2,"1":2,"2":2,"3":2,"4":2},"f":{},"b":{"0":[2,0]},"_coverageSchema":"1a1c01bbd47fc00a2c39e90264f33305004495a9","hash":"869e175d6394cfa7387464b9e808f638c846d6f0"}
,"/Users/rinareyes/Desktop/SQecureuilL/backEnd/models/post.js": {"path":"/Users/rinareyes/Desktop/SQecureuilL/backEnd/models/post.js","statementMap":{"0":{"start":{"line":1,"column":11},"end":{"line":1,"column":41}},"1":{"start":{"line":6,"column":8},"end":{"line":6,"column":26}},"2":{"start":{"line":7,"column":8},"end":{"line":7,"column":32}},"3":{"start":{"line":8,"column":8},"end":{"line":8,"column":36}},"4":{"start":{"line":9,"column":8},"end":{"line":9,"column":29}},"5":{"start":{"line":10,"column":8},"end":{"line":10,"column":31}},"6":{"start":{"line":11,"column":8},"end":{"line":11,"column":41}},"7":{"start":{"line":12,"column":8},"end":{"line":12,"column":31}},"8":{"start":{"line":16,"column":25},"end":{"line":16,"column":61}},"9":{"start":{"line":17,"column":8},"end":{"line":17,"column":51}},"10":{"start":{"line":17,"column":38},"end":{"line":17,"column":49}},"11":{"start":{"line":21,"column":25},"end":{"line":21,"column":86}},"12":{"start":{"line":22,"column":8},"end":{"line":24,"column":9}},"13":{"start":{"line":23,"column":12},"end":{"line":23,"column":53}},"14":{"start":{"line":25,"column":8},"end":{"line":25,"column":42}},"15":{"start":{"line":29,"column":25},"end":{"line":29,"column":114}},"16":{"start":{"line":30,"column":8},"end":{"line":30,"column":51}},"17":{"start":{"line":30,"column":38},"end":{"line":30,"column":49}},"18":{"start":{"line":34,"column":25},"end":{"line":34,"column":138}},"19":{"start":{"line":35,"column":8},"end":{"line":35,"column":51}},"20":{"start":{"line":35,"column":38},"end":{"line":35,"column":49}},"21":{"start":{"line":39,"column":25},"end":{"line":39,"column":139}},"22":{"start":{"line":40,"column":8},"end":{"line":40,"column":51}},"23":{"start":{"line":40,"column":38},"end":{"line":40,"column":49}},"24":{"start":{"line":44,"column":25},"end":{"line":44,"column":134}},"25":{"start":{"line":45,"column":8},"end":{"line":45,"column":51}},"26":{"start":{"line":45,"column":38},"end":{"line":45,"column":49}},"27":{"start":{"line":49,"column":25},"end":{"line":49,"column":85}},"28":{"start":{"line":50,"column":8},"end":{"line":50,"column":51}},"29":{"start":{"line":50,"column":38},"end":{"line":50,"column":49}},"30":{"start":{"line":54,"column":25},"end":{"line":54,"column":86}},"31":{"start":{"line":55,"column":8},"end":{"line":55,"column":51}},"32":{"start":{"line":55,"column":38},"end":{"line":55,"column":49}},"33":{"start":{"line":59,"column":25},"end":{"line":59,"column":81}},"34":{"start":{"line":60,"column":8},"end":{"line":60,"column":51}},"35":{"start":{"line":60,"column":38},"end":{"line":60,"column":49}},"36":{"start":{"line":64,"column":8},"end":{"line":76,"column":9}},"37":{"start":{"line":66,"column":16},"end":{"line":66,"column":53}},"38":{"start":{"line":67,"column":16},"end":{"line":67,"column":22}},"39":{"start":{"line":69,"column":16},"end":{"line":69,"column":59}},"40":{"start":{"line":70,"column":16},"end":{"line":70,"column":22}},"41":{"start":{"line":72,"column":16},"end":{"line":72,"column":54}},"42":{"start":{"line":73,"column":16},"end":{"line":73,"column":22}},"43":{"start":{"line":75,"column":16},"end":{"line":75,"column":35}},"44":{"start":{"line":77,"column":25},"end":{"line":77,"column":103}},"45":{"start":{"line":77,"column":122},"end":{"line":77,"column":158}},"46":{"start":{"line":77,"column":160},"end":{"line":77,"column":203}},"47":{"start":{"line":77,"column":190},"end":{"line":77,"column":201}},"48":{"start":{"line":81,"column":70},"end":{"line":81,"column":74}},"49":{"start":{"line":82,"column":23},"end":{"line":82,"column":207}},"50":{"start":{"line":83,"column":22},"end":{"line":83,"column":46}},"51":{"start":{"line":84,"column":24},"end":{"line":84,"column":52}},"52":{"start":{"line":85,"column":8},"end":{"line":85,"column":23}},"53":{"start":{"line":89,"column":26},"end":{"line":89,"column":30}},"54":{"start":{"line":90,"column":25},"end":{"line":90,"column":120}},"55":{"start":{"line":91,"column":8},"end":{"line":93,"column":9}},"56":{"start":{"line":92,"column":12},"end":{"line":92,"column":54}},"57":{"start":{"line":94,"column":8},"end":{"line":94,"column":42}},"58":{"start":{"line":98,"column":70},"end":{"line":98,"column":74}},"59":{"start":{"line":99,"column":25},"end":{"line":99,"column":220}},"60":{"start":{"line":100,"column":8},"end":{"line":102,"column":9}},"61":{"start":{"line":101,"column":12},"end":{"line":101,"column":53}},"62":{"start":{"line":103,"column":8},"end":{"line":103,"column":42}},"63":{"start":{"line":107,"column":29},"end":{"line":107,"column":33}},"64":{"start":{"line":108,"column":28},"end":{"line":108,"column":103}},"65":{"start":{"line":110,"column":25},"end":{"line":110,"column":158}},"66":{"start":{"line":111,"column":8},"end":{"line":113,"column":9}},"67":{"start":{"line":112,"column":12},"end":{"line":112,"column":53}},"68":{"start":{"line":114,"column":8},"end":{"line":114,"column":42}},"69":{"start":{"line":118,"column":23},"end":{"line":118,"column":100}},"70":{"start":{"line":119,"column":8},"end":{"line":119,"column":42}},"71":{"start":{"line":124,"column":0},"end":{"line":124,"column":22}}},"fnMap":{"0":{"name":"(anonymous_0)","decl":{"start":{"line":5,"column":4},"end":{"line":5,"column":5}},"loc":{"start":{"line":5,"column":103},"end":{"line":13,"column":5}},"line":5},"1":{"name":"(anonymous_1)","decl":{"start":{"line":15,"column":4},"end":{"line":15,"column":5}},"loc":{"start":{"line":15,"column":26},"end":{"line":18,"column":5}},"line":15},"2":{"name":"(anonymous_2)","decl":{"start":{"line":17,"column":33},"end":{"line":17,"column":34}},"loc":{"start":{"line":17,"column":38},"end":{"line":17,"column":49}},"line":17},"3":{"name":"(anonymous_3)","decl":{"start":{"line":20,"column":4},"end":{"line":20,"column":5}},"loc":{"start":{"line":20,"column":32},"end":{"line":26,"column":5}},"line":20},"4":{"name":"(anonymous_4)","decl":{"start":{"line":28,"column":4},"end":{"line":28,"column":5}},"loc":{"start":{"line":28,"column":41},"end":{"line":31,"column":5}},"line":28},"5":{"name":"(anonymous_5)","decl":{"start":{"line":30,"column":33},"end":{"line":30,"column":34}},"loc":{"start":{"line":30,"column":38},"end":{"line":30,"column":49}},"line":30},"6":{"name":"(anonymous_6)","decl":{"start":{"line":33,"column":4},"end":{"line":33,"column":5}},"loc":{"start":{"line":33,"column":45},"end":{"line":36,"column":5}},"line":33},"7":{"name":"(anonymous_7)","decl":{"start":{"line":35,"column":33},"end":{"line":35,"column":34}},"loc":{"start":{"line":35,"column":38},"end":{"line":35,"column":49}},"line":35},"8":{"name":"(anonymous_8)","decl":{"start":{"line":38,"column":4},"end":{"line":38,"column":5}},"loc":{"start":{"line":38,"column":45},"end":{"line":41,"column":5}},"line":38},"9":{"name":"(anonymous_9)","decl":{"start":{"line":40,"column":33},"end":{"line":40,"column":34}},"loc":{"start":{"line":40,"column":38},"end":{"line":40,"column":49}},"line":40},"10":{"name":"(anonymous_10)","decl":{"start":{"line":43,"column":4},"end":{"line":43,"column":5}},"loc":{"start":{"line":43,"column":46},"end":{"line":46,"column":5}},"line":43},"11":{"name":"(anonymous_11)","decl":{"start":{"line":45,"column":33},"end":{"line":45,"column":34}},"loc":{"start":{"line":45,"column":38},"end":{"line":45,"column":49}},"line":45},"12":{"name":"(anonymous_12)","decl":{"start":{"line":48,"column":4},"end":{"line":48,"column":5}},"loc":{"start":{"line":48,"column":30},"end":{"line":51,"column":5}},"line":48},"13":{"name":"(anonymous_13)","decl":{"start":{"line":50,"column":33},"end":{"line":50,"column":34}},"loc":{"start":{"line":50,"column":38},"end":{"line":50,"column":49}},"line":50},"14":{"name":"(anonymous_14)","decl":{"start":{"line":53,"column":4},"end":{"line":53,"column":5}},"loc":{"start":{"line":53,"column":31},"end":{"line":56,"column":5}},"line":53},"15":{"name":"(anonymous_15)","decl":{"start":{"line":55,"column":33},"end":{"line":55,"column":34}},"loc":{"start":{"line":55,"column":38},"end":{"line":55,"column":49}},"line":55},"16":{"name":"(anonymous_16)","decl":{"start":{"line":58,"column":4},"end":{"line":58,"column":5}},"loc":{"start":{"line":58,"column":31},"end":{"line":61,"column":5}},"line":58},"17":{"name":"(anonymous_17)","decl":{"start":{"line":60,"column":33},"end":{"line":60,"column":34}},"loc":{"start":{"line":60,"column":38},"end":{"line":60,"column":49}},"line":60},"18":{"name":"(anonymous_18)","decl":{"start":{"line":63,"column":4},"end":{"line":63,"column":5}},"loc":{"start":{"line":63,"column":67},"end":{"line":78,"column":5}},"line":63},"19":{"name":"(anonymous_19)","decl":{"start":{"line":77,"column":185},"end":{"line":77,"column":186}},"loc":{"start":{"line":77,"column":190},"end":{"line":77,"column":201}},"line":77},"20":{"name":"(anonymous_20)","decl":{"start":{"line":80,"column":4},"end":{"line":80,"column":5}},"loc":{"start":{"line":80,"column":30},"end":{"line":86,"column":5}},"line":80},"21":{"name":"(anonymous_21)","decl":{"start":{"line":88,"column":4},"end":{"line":88,"column":5}},"loc":{"start":{"line":88,"column":30},"end":{"line":95,"column":5}},"line":88},"22":{"name":"(anonymous_22)","decl":{"start":{"line":97,"column":4},"end":{"line":97,"column":5}},"loc":{"start":{"line":97,"column":30},"end":{"line":104,"column":5}},"line":97},"23":{"name":"(anonymous_23)","decl":{"start":{"line":106,"column":4},"end":{"line":106,"column":5}},"loc":{"start":{"line":106,"column":30},"end":{"line":115,"column":5}},"line":106},"24":{"name":"(anonymous_24)","decl":{"start":{"line":117,"column":4},"end":{"line":117,"column":5}},"loc":{"start":{"line":117,"column":20},"end":{"line":120,"column":5}},"line":117}},"branchMap":{"0":{"loc":{"start":{"line":22,"column":8},"end":{"line":24,"column":9}},"type":"if","locations":[{"start":{"line":22,"column":8},"end":{"line":24,"column":9}},{"start":{},"end":{}}],"line":22},"1":{"loc":{"start":{"line":64,"column":8},"end":{"line":76,"column":9}},"type":"switch","locations":[{"start":{"line":65,"column":12},"end":{"line":67,"column":22}},{"start":{"line":68,"column":12},"end":{"line":70,"column":22}},{"start":{"line":71,"column":12},"end":{"line":73,"column":22}},{"start":{"line":74,"column":12},"end":{"line":75,"column":35}}],"line":64},"2":{"loc":{"start":{"line":91,"column":8},"end":{"line":93,"column":9}},"type":"if","locations":[{"start":{"line":91,"column":8},"end":{"line":93,"column":9}},{"start":{},"end":{}}],"line":91},"3":{"loc":{"start":{"line":100,"column":8},"end":{"line":102,"column":9}},"type":"if","locations":[{"start":{"line":100,"column":8},"end":{"line":102,"column":9}},{"start":{},"end":{}}],"line":100},"4":{"loc":{"start":{"line":111,"column":8},"end":{"line":113,"column":9}},"type":"if","locations":[{"start":{"line":111,"column":8},"end":{"line":113,"column":9}},{"start":{},"end":{}}],"line":111}},"s":{"0":2,"1":16,"2":16,"3":16,"4":16,"5":16,"6":16,"7":16,"8":2,"9":2,"10":3,"11":3,"12":1,"13":0,"14":1,"15":0,"16":0,"17":0,"18":0,"19":0,"20":0,"21":0,"22":0,"23":0,"24":0,"25":0,"26":0,"27":0,"28":0,"29":0,"30":0,"31":0,"32":0,"33":0,"34":0,"35":0,"36":0,"37":0,"38":0,"39":0,"40":0,"41":0,"42":0,"43":0,"44":0,"45":0,"46":0,"47":0,"48":2,"49":2,"50":2,"51":1,"52":0,"53":0,"54":0,"55":0,"56":0,"57":0,"58":0,"59":0,"60":0,"61":0,"62":0,"63":0,"64":0,"65":0,"66":0,"67":0,"68":0,"69":2,"70":2,"71":2},"f":{"0":16,"1":2,"2":3,"3":3,"4":0,"5":0,"6":0,"7":0,"8":0,"9":0,"10":0,"11":0,"12":0,"13":0,"14":0,"15":0,"16":0,"17":0,"18":0,"19":0,"20":2,"21":0,"22":0,"23":0,"24":2},"b":{"0":[0,1],"1":[0,0,0,0],"2":[0,0],"3":[0,0],"4":[0,0]},"_coverageSchema":"1a1c01bbd47fc00a2c39e90264f33305004495a9","hash":"051da0e6636021d872baccb5ce19c0596f22b282"}
}
