TN:
SF:controllers/postsController.js
FN:3,index
FN:12,indexCategory
FN:22,indexCategoryDate
FN:32,indexCategoryVote
FN:42,indexCategoryStage
FN:52,indexDate
FN:61,indexVote
FN:70,indexStage
FN:79,show
FN:89,orderBy
FN:102,create
FN:113,update
FN:126,upVote
FN:138,downVote
FN:149,destroy
FNF:15
FNH:4
FNDA:2,index
FNDA:0,indexCategory
FNDA:0,indexCategoryDate
FNDA:0,indexCategoryVote
FNDA:0,indexCategoryStage
FNDA:0,indexDate
FNDA:0,indexVote
FNDA:0,indexStage
FNDA:2,show
FNDA:0,orderBy
FNDA:2,create
FNDA:0,update
FNDA:0,upVote
FNDA:0,downVote
FNDA:2,destroy
DA:1,1
DA:4,2
DA:5,2
DA:6,1
DA:8,1
DA:13,0
DA:14,0
DA:15,0
DA:16,0
DA:18,0
DA:23,0
DA:24,0
DA:25,0
DA:26,0
DA:28,0
DA:33,0
DA:34,0
DA:35,0
DA:36,0
DA:38,0
DA:43,0
DA:44,0
DA:45,0
DA:46,0
DA:48,0
DA:53,0
DA:54,0
DA:55,0
DA:57,0
DA:62,0
DA:63,0
DA:64,0
DA:66,0
DA:71,0
DA:72,0
DA:73,0
DA:75,0
DA:80,2
DA:81,2
DA:82,2
DA:83,1
DA:85,1
DA:90,0
DA:91,0
DA:92,0
DA:94,0
DA:96,0
DA:98,0
DA:103,2
DA:104,2
DA:105,2
DA:106,2
DA:107,1
DA:109,1
DA:114,0
DA:115,0
DA:116,0
DA:117,0
DA:118,0
DA:119,0
DA:120,0
DA:122,0
DA:127,0
DA:128,0
DA:129,0
DA:130,0
DA:131,0
DA:132,0
DA:134,0
DA:139,0
DA:140,0
DA:141,0
DA:142,0
DA:143,0
DA:145,0
DA:150,2
DA:151,2
DA:152,2
DA:153,1
DA:154,1
DA:156,2
DA:160,1
LF:82
LH:23
BRF:0
BRH:0
end_of_record
TN:
SF:database/connect.js
FNF:0
FNH:0
DA:1,2
DA:3,2
DA:5,2
DA:11,2
DA:13,2
LF:5
LH:5
BRDA:6,0,0,2
BRDA:6,0,1,0
BRF:2
BRH:1
end_of_record
TN:
SF:models/post.js
FN:5,(anonymous_0)
FN:15,(anonymous_1)
FN:17,(anonymous_2)
FN:20,(anonymous_3)
FN:28,(anonymous_4)
FN:30,(anonymous_5)
FN:33,(anonymous_6)
FN:35,(anonymous_7)
FN:38,(anonymous_8)
FN:40,(anonymous_9)
FN:43,(anonymous_10)
FN:45,(anonymous_11)
FN:48,(anonymous_12)
FN:50,(anonymous_13)
FN:53,(anonymous_14)
FN:55,(anonymous_15)
FN:58,(anonymous_16)
FN:60,(anonymous_17)
FN:63,(anonymous_18)
FN:77,(anonymous_19)
FN:80,(anonymous_20)
FN:88,(anonymous_21)
FN:97,(anonymous_22)
FN:106,(anonymous_23)
FN:117,(anonymous_24)
FNF:25
FNH:6
FNDA:16,(anonymous_0)
FNDA:2,(anonymous_1)
FNDA:3,(anonymous_2)
FNDA:3,(anonymous_3)
FNDA:0,(anonymous_4)
FNDA:0,(anonymous_5)
FNDA:0,(anonymous_6)
FNDA:0,(anonymous_7)
FNDA:0,(anonymous_8)
FNDA:0,(anonymous_9)
FNDA:0,(anonymous_10)
FNDA:0,(anonymous_11)
FNDA:0,(anonymous_12)
FNDA:0,(anonymous_13)
FNDA:0,(anonymous_14)
FNDA:0,(anonymous_15)
FNDA:0,(anonymous_16)
FNDA:0,(anonymous_17)
FNDA:0,(anonymous_18)
FNDA:0,(anonymous_19)
FNDA:2,(anonymous_20)
FNDA:0,(anonymous_21)
FNDA:0,(anonymous_22)
FNDA:0,(anonymous_23)
FNDA:2,(anonymous_24)
DA:1,2
DA:6,16
DA:7,16
DA:8,16
DA:9,16
DA:10,16
DA:11,16
DA:12,16
DA:16,2
DA:17,3
DA:21,3
DA:22,1
DA:23,0
DA:25,1
DA:29,0
DA:30,0
DA:34,0
DA:35,0
DA:39,0
DA:40,0
DA:44,0
DA:45,0
DA:49,0
DA:50,0
DA:54,0
DA:55,0
DA:59,0
DA:60,0
DA:64,0
DA:66,0
DA:67,0
DA:69,0
DA:70,0
DA:72,0
DA:73,0
DA:75,0
DA:77,0
DA:81,2
DA:82,2
DA:83,2
DA:84,1
DA:85,0
DA:89,0
DA:90,0
DA:91,0
DA:92,0
DA:94,0
DA:98,0
DA:99,0
DA:100,0
DA:101,0
DA:103,0
DA:107,0
DA:108,0
DA:110,0
DA:111,0
DA:112,0
DA:114,0
DA:118,2
DA:119,2
DA:124,2
LF:61
LH:20
BRDA:22,0,0,0
BRDA:22,0,1,1
BRDA:64,1,0,0
BRDA:64,1,1,0
BRDA:64,1,2,0
BRDA:64,1,3,0
BRDA:91,2,0,0
BRDA:91,2,1,0
BRDA:100,3,0,0
BRDA:100,3,1,0
BRDA:111,4,0,0
BRDA:111,4,1,0
BRF:12
BRH:1
end_of_record
