<?xml version="1.0" encoding="UTF-8"?>
<coverage generated="1697121118258" clover="3.2.0">
  <project timestamp="1697121118258" name="All files">
    <metrics statements="13" coveredstatements="13" conditionals="0" coveredconditionals="0" methods="3" coveredmethods="3" elements="16" coveredelements="16" complexity="0" loc="13" ncloc="13" packages="1" files="1" classes="1"/>
    <file name="helpers.js" path="C:\Users\AbdulrahmanTeklies\Documents\Projects\Project Week\Project 2\SQecureuilL\client\__tests__\helpers.js">
      <metrics statements="13" coveredstatements="13" conditionals="0" coveredconditionals="0" methods="3" coveredmethods="3"/>
      <line num="4" count="1" type="stmt"/>
      <line num="7" count="1" type="stmt"/>
      <line num="8" count="1" type="stmt"/>
      <line num="10" count="1" type="stmt"/>
      <line num="11" count="1" type="stmt"/>
      <line num="13" count="1" type="stmt"/>
      <line num="14" count="5" type="stmt"/>
      <line num="15" count="5" type="stmt"/>
      <line num="17" count="5" type="stmt"/>
      <line num="25" count="5" type="stmt"/>
      <line num="26" count="5" type="stmt"/>
      <line num="27" count="5" type="stmt"/>
      <line num="32" count="1" type="stmt"/>
    </file>
  </project>
</coverage>
